<?xml version="1.0" encoding="UTF-8"?>
<!-- Generated by org.testng.reporters.JUnitReportReporter -->
<testsuite name="com.flipkartTestScript.Share_The_Product_On_Facebook" tests="1" time="43.007" ignored="0" failures="0" timestamp="05 Apr 2020 08:12:35 GMT" skipped="0" hostname="DESKTOP-1I84TR0" errors="0">
  <testcase name="Share_The_Product_On_Facebook" time="43.007" classname="com.flipkartTestScript.Share_The_Product_On_Facebook"/>
</testsuite> <!-- com.flipkartTestScript.Share_The_Product_On_Facebook -->
