<?xml version="1.0" encoding="UTF-8"?>
<!-- Generated by org.testng.reporters.JUnitReportReporter -->
<testsuite name="com.flipkartTestScript.Add_Product_To_The_Cart" tests="1" time="25.119" ignored="0" failures="0" timestamp="05 Apr 2020 07:45:38 GMT" skipped="0" hostname="DESKTOP-1I84TR0" errors="0">
  <testcase name="Add_Product_To_The_Cart" time="25.119" classname="com.flipkartTestScript.Add_Product_To_The_Cart"/>
</testsuite> <!-- com.flipkartTestScript.Add_Product_To_The_Cart -->
