<?xml version="1.0" encoding="UTF-8"?>
<!-- Generated by org.testng.reporters.JUnitReportReporter -->
<testsuite name="com.flipkartTestScript.Add_The_Product_To_Wishlist" tests="1" time="29.916" ignored="0" failures="0" timestamp="05 Apr 2020 09:08:59 GMT" skipped="0" hostname="DESKTOP-1I84TR0" errors="0">
  <testcase name="Add_The_Product_To_Wishlist" time="29.916" classname="com.flipkartTestScript.Add_The_Product_To_Wishlist"/>
</testsuite> <!-- com.flipkartTestScript.Add_The_Product_To_Wishlist -->
