<?xml version="1.0" encoding="UTF-8"?>
<!-- Generated by org.testng.reporters.JUnitReportReporter -->
<testsuite name="com.test.Demo" tests="1" time="48.605" ignored="0" failures="0" timestamp="30 Mar 2020 07:35:13 GMT" skipped="0" hostname="DESKTOP-1I84TR0" errors="0">
  <testcase name="Demo" time="48.605" classname="com.test.Demo"/>
</testsuite> <!-- com.test.Demo -->
